ARM GAS  /tmp/cc8Zb6lp.s 			page 1


   1              		.cpu cortex-m4
   2              		.eabi_attribute 27, 1
   3              		.eabi_attribute 28, 1
   4              		.eabi_attribute 20, 1
   5              		.eabi_attribute 21, 1
   6              		.eabi_attribute 23, 3
   7              		.eabi_attribute 24, 1
   8              		.eabi_attribute 25, 1
   9              		.eabi_attribute 26, 1
  10              		.eabi_attribute 30, 1
  11              		.eabi_attribute 34, 1
  12              		.eabi_attribute 18, 4
  13              		.file	"stm32f4xx_hal_msp.c"
  14              		.text
  15              	.Ltext0:
  16              		.cfi_sections	.debug_frame
  17              		.section	.text.HAL_MspInit,"ax",%progbits
  18              		.align	1
  19              		.global	HAL_MspInit
  20              		.arch armv7e-m
  21              		.syntax unified
  22              		.thumb
  23              		.thumb_func
  24              		.fpu fpv4-sp-d16
  26              	HAL_MspInit:
  27              	.LFB130:
  28              		.file 1 "Core/Src/stm32f4xx_hal_msp.c"
   1:Core/Src/stm32f4xx_hal_msp.c **** /* USER CODE BEGIN Header */
   2:Core/Src/stm32f4xx_hal_msp.c **** /**
   3:Core/Src/stm32f4xx_hal_msp.c ****   ******************************************************************************
   4:Core/Src/stm32f4xx_hal_msp.c ****   * @file         stm32f4xx_hal_msp.c
   5:Core/Src/stm32f4xx_hal_msp.c ****   * @brief        This file provides code for the MSP Initialization
   6:Core/Src/stm32f4xx_hal_msp.c ****   *               and de-Initialization codes.
   7:Core/Src/stm32f4xx_hal_msp.c ****   ******************************************************************************
   8:Core/Src/stm32f4xx_hal_msp.c ****   * @attention
   9:Core/Src/stm32f4xx_hal_msp.c ****   *
  10:Core/Src/stm32f4xx_hal_msp.c ****   * Copyright (c) 2022 STMicroelectronics.
  11:Core/Src/stm32f4xx_hal_msp.c ****   * All rights reserved.
  12:Core/Src/stm32f4xx_hal_msp.c ****   *
  13:Core/Src/stm32f4xx_hal_msp.c ****   * This software is licensed under terms that can be found in the LICENSE file
  14:Core/Src/stm32f4xx_hal_msp.c ****   * in the root directory of this software component.
  15:Core/Src/stm32f4xx_hal_msp.c ****   * If no LICENSE file comes with this software, it is provided AS-IS.
  16:Core/Src/stm32f4xx_hal_msp.c ****   *
  17:Core/Src/stm32f4xx_hal_msp.c ****   ******************************************************************************
  18:Core/Src/stm32f4xx_hal_msp.c ****   */
  19:Core/Src/stm32f4xx_hal_msp.c **** /* USER CODE END Header */
  20:Core/Src/stm32f4xx_hal_msp.c **** 
  21:Core/Src/stm32f4xx_hal_msp.c **** /* Includes ------------------------------------------------------------------*/
  22:Core/Src/stm32f4xx_hal_msp.c **** #include "main.h"
  23:Core/Src/stm32f4xx_hal_msp.c **** /* USER CODE BEGIN Includes */
  24:Core/Src/stm32f4xx_hal_msp.c **** 
  25:Core/Src/stm32f4xx_hal_msp.c **** /* USER CODE END Includes */
  26:Core/Src/stm32f4xx_hal_msp.c **** 
  27:Core/Src/stm32f4xx_hal_msp.c **** /* Private typedef -----------------------------------------------------------*/
  28:Core/Src/stm32f4xx_hal_msp.c **** /* USER CODE BEGIN TD */
  29:Core/Src/stm32f4xx_hal_msp.c **** 
  30:Core/Src/stm32f4xx_hal_msp.c **** /* USER CODE END TD */
ARM GAS  /tmp/cc8Zb6lp.s 			page 2


  31:Core/Src/stm32f4xx_hal_msp.c **** 
  32:Core/Src/stm32f4xx_hal_msp.c **** /* Private define ------------------------------------------------------------*/
  33:Core/Src/stm32f4xx_hal_msp.c **** /* USER CODE BEGIN Define */
  34:Core/Src/stm32f4xx_hal_msp.c **** 
  35:Core/Src/stm32f4xx_hal_msp.c **** /* USER CODE END Define */
  36:Core/Src/stm32f4xx_hal_msp.c **** 
  37:Core/Src/stm32f4xx_hal_msp.c **** /* Private macro -------------------------------------------------------------*/
  38:Core/Src/stm32f4xx_hal_msp.c **** /* USER CODE BEGIN Macro */
  39:Core/Src/stm32f4xx_hal_msp.c **** 
  40:Core/Src/stm32f4xx_hal_msp.c **** /* USER CODE END Macro */
  41:Core/Src/stm32f4xx_hal_msp.c **** 
  42:Core/Src/stm32f4xx_hal_msp.c **** /* Private variables ---------------------------------------------------------*/
  43:Core/Src/stm32f4xx_hal_msp.c **** /* USER CODE BEGIN PV */
  44:Core/Src/stm32f4xx_hal_msp.c **** 
  45:Core/Src/stm32f4xx_hal_msp.c **** /* USER CODE END PV */
  46:Core/Src/stm32f4xx_hal_msp.c **** 
  47:Core/Src/stm32f4xx_hal_msp.c **** /* Private function prototypes -----------------------------------------------*/
  48:Core/Src/stm32f4xx_hal_msp.c **** /* USER CODE BEGIN PFP */
  49:Core/Src/stm32f4xx_hal_msp.c **** 
  50:Core/Src/stm32f4xx_hal_msp.c **** /* USER CODE END PFP */
  51:Core/Src/stm32f4xx_hal_msp.c **** 
  52:Core/Src/stm32f4xx_hal_msp.c **** /* External functions --------------------------------------------------------*/
  53:Core/Src/stm32f4xx_hal_msp.c **** /* USER CODE BEGIN ExternalFunctions */
  54:Core/Src/stm32f4xx_hal_msp.c **** 
  55:Core/Src/stm32f4xx_hal_msp.c **** /* USER CODE END ExternalFunctions */
  56:Core/Src/stm32f4xx_hal_msp.c **** 
  57:Core/Src/stm32f4xx_hal_msp.c **** /* USER CODE BEGIN 0 */
  58:Core/Src/stm32f4xx_hal_msp.c **** 
  59:Core/Src/stm32f4xx_hal_msp.c **** /* USER CODE END 0 */
  60:Core/Src/stm32f4xx_hal_msp.c **** /**
  61:Core/Src/stm32f4xx_hal_msp.c ****   * Initializes the Global MSP.
  62:Core/Src/stm32f4xx_hal_msp.c ****   */
  63:Core/Src/stm32f4xx_hal_msp.c **** void HAL_MspInit(void)
  64:Core/Src/stm32f4xx_hal_msp.c **** {
  29              		.loc 1 64 1 view -0
  30              		.cfi_startproc
  31              		@ args = 0, pretend = 0, frame = 8
  32              		@ frame_needed = 0, uses_anonymous_args = 0
  33              		@ link register save eliminated.
  34 0000 82B0     		sub	sp, sp, #8
  35              	.LCFI0:
  36              		.cfi_def_cfa_offset 8
  65:Core/Src/stm32f4xx_hal_msp.c ****   /* USER CODE BEGIN MspInit 0 */
  66:Core/Src/stm32f4xx_hal_msp.c **** 
  67:Core/Src/stm32f4xx_hal_msp.c ****   /* USER CODE END MspInit 0 */
  68:Core/Src/stm32f4xx_hal_msp.c **** 
  69:Core/Src/stm32f4xx_hal_msp.c ****   __HAL_RCC_SYSCFG_CLK_ENABLE();
  37              		.loc 1 69 3 view .LVU1
  38              	.LBB2:
  39              		.loc 1 69 3 view .LVU2
  40 0002 0021     		movs	r1, #0
  41 0004 0091     		str	r1, [sp]
  42              		.loc 1 69 3 view .LVU3
  43 0006 0B4B     		ldr	r3, .L3
  44 0008 5A6C     		ldr	r2, [r3, #68]
  45 000a 42F48042 		orr	r2, r2, #16384
  46 000e 5A64     		str	r2, [r3, #68]
ARM GAS  /tmp/cc8Zb6lp.s 			page 3


  47              		.loc 1 69 3 view .LVU4
  48 0010 5A6C     		ldr	r2, [r3, #68]
  49 0012 02F48042 		and	r2, r2, #16384
  50 0016 0092     		str	r2, [sp]
  51              		.loc 1 69 3 view .LVU5
  52 0018 009A     		ldr	r2, [sp]
  53              	.LBE2:
  54              		.loc 1 69 3 view .LVU6
  70:Core/Src/stm32f4xx_hal_msp.c ****   __HAL_RCC_PWR_CLK_ENABLE();
  55              		.loc 1 70 3 view .LVU7
  56              	.LBB3:
  57              		.loc 1 70 3 view .LVU8
  58 001a 0191     		str	r1, [sp, #4]
  59              		.loc 1 70 3 view .LVU9
  60 001c 1A6C     		ldr	r2, [r3, #64]
  61 001e 42F08052 		orr	r2, r2, #268435456
  62 0022 1A64     		str	r2, [r3, #64]
  63              		.loc 1 70 3 view .LVU10
  64 0024 1B6C     		ldr	r3, [r3, #64]
  65 0026 03F08053 		and	r3, r3, #268435456
  66 002a 0193     		str	r3, [sp, #4]
  67              		.loc 1 70 3 view .LVU11
  68 002c 019B     		ldr	r3, [sp, #4]
  69              	.LBE3:
  70              		.loc 1 70 3 view .LVU12
  71:Core/Src/stm32f4xx_hal_msp.c **** 
  72:Core/Src/stm32f4xx_hal_msp.c ****   /* System interrupt init*/
  73:Core/Src/stm32f4xx_hal_msp.c **** 
  74:Core/Src/stm32f4xx_hal_msp.c ****   /* USER CODE BEGIN MspInit 1 */
  75:Core/Src/stm32f4xx_hal_msp.c **** 
  76:Core/Src/stm32f4xx_hal_msp.c ****   /* USER CODE END MspInit 1 */
  77:Core/Src/stm32f4xx_hal_msp.c **** }
  71              		.loc 1 77 1 is_stmt 0 view .LVU13
  72 002e 02B0     		add	sp, sp, #8
  73              	.LCFI1:
  74              		.cfi_def_cfa_offset 0
  75              		@ sp needed
  76 0030 7047     		bx	lr
  77              	.L4:
  78 0032 00BF     		.align	2
  79              	.L3:
  80 0034 00380240 		.word	1073887232
  81              		.cfi_endproc
  82              	.LFE130:
  84              		.section	.text.HAL_UART_MspInit,"ax",%progbits
  85              		.align	1
  86              		.global	HAL_UART_MspInit
  87              		.syntax unified
  88              		.thumb
  89              		.thumb_func
  90              		.fpu fpv4-sp-d16
  92              	HAL_UART_MspInit:
  93              	.LVL0:
  94              	.LFB131:
  78:Core/Src/stm32f4xx_hal_msp.c **** 
  79:Core/Src/stm32f4xx_hal_msp.c **** /**
  80:Core/Src/stm32f4xx_hal_msp.c **** * @brief UART MSP Initialization
ARM GAS  /tmp/cc8Zb6lp.s 			page 4


  81:Core/Src/stm32f4xx_hal_msp.c **** * This function configures the hardware resources used in this example
  82:Core/Src/stm32f4xx_hal_msp.c **** * @param huart: UART handle pointer
  83:Core/Src/stm32f4xx_hal_msp.c **** * @retval None
  84:Core/Src/stm32f4xx_hal_msp.c **** */
  85:Core/Src/stm32f4xx_hal_msp.c **** void HAL_UART_MspInit(UART_HandleTypeDef* huart)
  86:Core/Src/stm32f4xx_hal_msp.c **** {
  95              		.loc 1 86 1 is_stmt 1 view -0
  96              		.cfi_startproc
  97              		@ args = 0, pretend = 0, frame = 32
  98              		@ frame_needed = 0, uses_anonymous_args = 0
  99              		.loc 1 86 1 is_stmt 0 view .LVU15
 100 0000 00B5     		push	{lr}
 101              	.LCFI2:
 102              		.cfi_def_cfa_offset 4
 103              		.cfi_offset 14, -4
 104 0002 89B0     		sub	sp, sp, #36
 105              	.LCFI3:
 106              		.cfi_def_cfa_offset 40
  87:Core/Src/stm32f4xx_hal_msp.c ****   GPIO_InitTypeDef GPIO_InitStruct = {0};
 107              		.loc 1 87 3 is_stmt 1 view .LVU16
 108              		.loc 1 87 20 is_stmt 0 view .LVU17
 109 0004 0023     		movs	r3, #0
 110 0006 0393     		str	r3, [sp, #12]
 111 0008 0493     		str	r3, [sp, #16]
 112 000a 0593     		str	r3, [sp, #20]
 113 000c 0693     		str	r3, [sp, #24]
 114 000e 0793     		str	r3, [sp, #28]
  88:Core/Src/stm32f4xx_hal_msp.c ****   if(huart->Instance==UART4)
 115              		.loc 1 88 3 is_stmt 1 view .LVU18
 116              		.loc 1 88 11 is_stmt 0 view .LVU19
 117 0010 0268     		ldr	r2, [r0]
 118              		.loc 1 88 5 view .LVU20
 119 0012 144B     		ldr	r3, .L9
 120 0014 9A42     		cmp	r2, r3
 121 0016 02D0     		beq	.L8
 122              	.LVL1:
 123              	.L5:
  89:Core/Src/stm32f4xx_hal_msp.c ****   {
  90:Core/Src/stm32f4xx_hal_msp.c ****   /* USER CODE BEGIN UART4_MspInit 0 */
  91:Core/Src/stm32f4xx_hal_msp.c **** 
  92:Core/Src/stm32f4xx_hal_msp.c ****   /* USER CODE END UART4_MspInit 0 */
  93:Core/Src/stm32f4xx_hal_msp.c ****     /* Peripheral clock enable */
  94:Core/Src/stm32f4xx_hal_msp.c ****     __HAL_RCC_UART4_CLK_ENABLE();
  95:Core/Src/stm32f4xx_hal_msp.c **** 
  96:Core/Src/stm32f4xx_hal_msp.c ****     __HAL_RCC_GPIOA_CLK_ENABLE();
  97:Core/Src/stm32f4xx_hal_msp.c ****     /**UART4 GPIO Configuration
  98:Core/Src/stm32f4xx_hal_msp.c ****     PA0-WKUP     ------> UART4_TX
  99:Core/Src/stm32f4xx_hal_msp.c ****     PA1     ------> UART4_RX
 100:Core/Src/stm32f4xx_hal_msp.c ****     */
 101:Core/Src/stm32f4xx_hal_msp.c ****     GPIO_InitStruct.Pin = GPIO_PIN_0|GPIO_PIN_1;
 102:Core/Src/stm32f4xx_hal_msp.c ****     GPIO_InitStruct.Mode = GPIO_MODE_AF_PP;
 103:Core/Src/stm32f4xx_hal_msp.c ****     GPIO_InitStruct.Pull = GPIO_NOPULL;
 104:Core/Src/stm32f4xx_hal_msp.c ****     GPIO_InitStruct.Speed = GPIO_SPEED_FREQ_VERY_HIGH;
 105:Core/Src/stm32f4xx_hal_msp.c ****     GPIO_InitStruct.Alternate = GPIO_AF8_UART4;
 106:Core/Src/stm32f4xx_hal_msp.c ****     HAL_GPIO_Init(GPIOA, &GPIO_InitStruct);
 107:Core/Src/stm32f4xx_hal_msp.c **** 
 108:Core/Src/stm32f4xx_hal_msp.c ****   /* USER CODE BEGIN UART4_MspInit 1 */
ARM GAS  /tmp/cc8Zb6lp.s 			page 5


 109:Core/Src/stm32f4xx_hal_msp.c **** 
 110:Core/Src/stm32f4xx_hal_msp.c ****   /* USER CODE END UART4_MspInit 1 */
 111:Core/Src/stm32f4xx_hal_msp.c ****   }
 112:Core/Src/stm32f4xx_hal_msp.c **** 
 113:Core/Src/stm32f4xx_hal_msp.c **** }
 124              		.loc 1 113 1 view .LVU21
 125 0018 09B0     		add	sp, sp, #36
 126              	.LCFI4:
 127              		.cfi_remember_state
 128              		.cfi_def_cfa_offset 4
 129              		@ sp needed
 130 001a 5DF804FB 		ldr	pc, [sp], #4
 131              	.LVL2:
 132              	.L8:
 133              	.LCFI5:
 134              		.cfi_restore_state
  94:Core/Src/stm32f4xx_hal_msp.c **** 
 135              		.loc 1 94 5 is_stmt 1 view .LVU22
 136              	.LBB4:
  94:Core/Src/stm32f4xx_hal_msp.c **** 
 137              		.loc 1 94 5 view .LVU23
 138 001e 0021     		movs	r1, #0
 139 0020 0191     		str	r1, [sp, #4]
  94:Core/Src/stm32f4xx_hal_msp.c **** 
 140              		.loc 1 94 5 view .LVU24
 141 0022 03F5F633 		add	r3, r3, #125952
 142 0026 1A6C     		ldr	r2, [r3, #64]
 143 0028 42F40022 		orr	r2, r2, #524288
 144 002c 1A64     		str	r2, [r3, #64]
  94:Core/Src/stm32f4xx_hal_msp.c **** 
 145              		.loc 1 94 5 view .LVU25
 146 002e 1A6C     		ldr	r2, [r3, #64]
 147 0030 02F40022 		and	r2, r2, #524288
 148 0034 0192     		str	r2, [sp, #4]
  94:Core/Src/stm32f4xx_hal_msp.c **** 
 149              		.loc 1 94 5 view .LVU26
 150 0036 019A     		ldr	r2, [sp, #4]
 151              	.LBE4:
  94:Core/Src/stm32f4xx_hal_msp.c **** 
 152              		.loc 1 94 5 view .LVU27
  96:Core/Src/stm32f4xx_hal_msp.c ****     /**UART4 GPIO Configuration
 153              		.loc 1 96 5 view .LVU28
 154              	.LBB5:
  96:Core/Src/stm32f4xx_hal_msp.c ****     /**UART4 GPIO Configuration
 155              		.loc 1 96 5 view .LVU29
 156 0038 0291     		str	r1, [sp, #8]
  96:Core/Src/stm32f4xx_hal_msp.c ****     /**UART4 GPIO Configuration
 157              		.loc 1 96 5 view .LVU30
 158 003a 1A6B     		ldr	r2, [r3, #48]
 159 003c 42F00102 		orr	r2, r2, #1
 160 0040 1A63     		str	r2, [r3, #48]
  96:Core/Src/stm32f4xx_hal_msp.c ****     /**UART4 GPIO Configuration
 161              		.loc 1 96 5 view .LVU31
 162 0042 1B6B     		ldr	r3, [r3, #48]
 163 0044 03F00103 		and	r3, r3, #1
 164 0048 0293     		str	r3, [sp, #8]
  96:Core/Src/stm32f4xx_hal_msp.c ****     /**UART4 GPIO Configuration
ARM GAS  /tmp/cc8Zb6lp.s 			page 6


 165              		.loc 1 96 5 view .LVU32
 166 004a 029B     		ldr	r3, [sp, #8]
 167              	.LBE5:
  96:Core/Src/stm32f4xx_hal_msp.c ****     /**UART4 GPIO Configuration
 168              		.loc 1 96 5 view .LVU33
 101:Core/Src/stm32f4xx_hal_msp.c ****     GPIO_InitStruct.Mode = GPIO_MODE_AF_PP;
 169              		.loc 1 101 5 view .LVU34
 101:Core/Src/stm32f4xx_hal_msp.c ****     GPIO_InitStruct.Mode = GPIO_MODE_AF_PP;
 170              		.loc 1 101 25 is_stmt 0 view .LVU35
 171 004c 0323     		movs	r3, #3
 172 004e 0393     		str	r3, [sp, #12]
 102:Core/Src/stm32f4xx_hal_msp.c ****     GPIO_InitStruct.Pull = GPIO_NOPULL;
 173              		.loc 1 102 5 is_stmt 1 view .LVU36
 102:Core/Src/stm32f4xx_hal_msp.c ****     GPIO_InitStruct.Pull = GPIO_NOPULL;
 174              		.loc 1 102 26 is_stmt 0 view .LVU37
 175 0050 0222     		movs	r2, #2
 176 0052 0492     		str	r2, [sp, #16]
 103:Core/Src/stm32f4xx_hal_msp.c ****     GPIO_InitStruct.Speed = GPIO_SPEED_FREQ_VERY_HIGH;
 177              		.loc 1 103 5 is_stmt 1 view .LVU38
 104:Core/Src/stm32f4xx_hal_msp.c ****     GPIO_InitStruct.Alternate = GPIO_AF8_UART4;
 178              		.loc 1 104 5 view .LVU39
 104:Core/Src/stm32f4xx_hal_msp.c ****     GPIO_InitStruct.Alternate = GPIO_AF8_UART4;
 179              		.loc 1 104 27 is_stmt 0 view .LVU40
 180 0054 0693     		str	r3, [sp, #24]
 105:Core/Src/stm32f4xx_hal_msp.c ****     HAL_GPIO_Init(GPIOA, &GPIO_InitStruct);
 181              		.loc 1 105 5 is_stmt 1 view .LVU41
 105:Core/Src/stm32f4xx_hal_msp.c ****     HAL_GPIO_Init(GPIOA, &GPIO_InitStruct);
 182              		.loc 1 105 31 is_stmt 0 view .LVU42
 183 0056 0823     		movs	r3, #8
 184 0058 0793     		str	r3, [sp, #28]
 106:Core/Src/stm32f4xx_hal_msp.c **** 
 185              		.loc 1 106 5 is_stmt 1 view .LVU43
 186 005a 03A9     		add	r1, sp, #12
 187 005c 0248     		ldr	r0, .L9+4
 188              	.LVL3:
 106:Core/Src/stm32f4xx_hal_msp.c **** 
 189              		.loc 1 106 5 is_stmt 0 view .LVU44
 190 005e FFF7FEFF 		bl	HAL_GPIO_Init
 191              	.LVL4:
 192              		.loc 1 113 1 view .LVU45
 193 0062 D9E7     		b	.L5
 194              	.L10:
 195              		.align	2
 196              	.L9:
 197 0064 004C0040 		.word	1073761280
 198 0068 00000240 		.word	1073872896
 199              		.cfi_endproc
 200              	.LFE131:
 202              		.section	.text.HAL_UART_MspDeInit,"ax",%progbits
 203              		.align	1
 204              		.global	HAL_UART_MspDeInit
 205              		.syntax unified
 206              		.thumb
 207              		.thumb_func
 208              		.fpu fpv4-sp-d16
 210              	HAL_UART_MspDeInit:
 211              	.LVL5:
ARM GAS  /tmp/cc8Zb6lp.s 			page 7


 212              	.LFB132:
 114:Core/Src/stm32f4xx_hal_msp.c **** 
 115:Core/Src/stm32f4xx_hal_msp.c **** /**
 116:Core/Src/stm32f4xx_hal_msp.c **** * @brief UART MSP De-Initialization
 117:Core/Src/stm32f4xx_hal_msp.c **** * This function freeze the hardware resources used in this example
 118:Core/Src/stm32f4xx_hal_msp.c **** * @param huart: UART handle pointer
 119:Core/Src/stm32f4xx_hal_msp.c **** * @retval None
 120:Core/Src/stm32f4xx_hal_msp.c **** */
 121:Core/Src/stm32f4xx_hal_msp.c **** void HAL_UART_MspDeInit(UART_HandleTypeDef* huart)
 122:Core/Src/stm32f4xx_hal_msp.c **** {
 213              		.loc 1 122 1 is_stmt 1 view -0
 214              		.cfi_startproc
 215              		@ args = 0, pretend = 0, frame = 0
 216              		@ frame_needed = 0, uses_anonymous_args = 0
 217              		.loc 1 122 1 is_stmt 0 view .LVU47
 218 0000 08B5     		push	{r3, lr}
 219              	.LCFI6:
 220              		.cfi_def_cfa_offset 8
 221              		.cfi_offset 3, -8
 222              		.cfi_offset 14, -4
 123:Core/Src/stm32f4xx_hal_msp.c ****   if(huart->Instance==UART4)
 223              		.loc 1 123 3 is_stmt 1 view .LVU48
 224              		.loc 1 123 11 is_stmt 0 view .LVU49
 225 0002 0268     		ldr	r2, [r0]
 226              		.loc 1 123 5 view .LVU50
 227 0004 064B     		ldr	r3, .L15
 228 0006 9A42     		cmp	r2, r3
 229 0008 00D0     		beq	.L14
 230              	.LVL6:
 231              	.L11:
 124:Core/Src/stm32f4xx_hal_msp.c ****   {
 125:Core/Src/stm32f4xx_hal_msp.c ****   /* USER CODE BEGIN UART4_MspDeInit 0 */
 126:Core/Src/stm32f4xx_hal_msp.c **** 
 127:Core/Src/stm32f4xx_hal_msp.c ****   /* USER CODE END UART4_MspDeInit 0 */
 128:Core/Src/stm32f4xx_hal_msp.c ****     /* Peripheral clock disable */
 129:Core/Src/stm32f4xx_hal_msp.c ****     __HAL_RCC_UART4_CLK_DISABLE();
 130:Core/Src/stm32f4xx_hal_msp.c **** 
 131:Core/Src/stm32f4xx_hal_msp.c ****     /**UART4 GPIO Configuration
 132:Core/Src/stm32f4xx_hal_msp.c ****     PA0-WKUP     ------> UART4_TX
 133:Core/Src/stm32f4xx_hal_msp.c ****     PA1     ------> UART4_RX
 134:Core/Src/stm32f4xx_hal_msp.c ****     */
 135:Core/Src/stm32f4xx_hal_msp.c ****     HAL_GPIO_DeInit(GPIOA, GPIO_PIN_0|GPIO_PIN_1);
 136:Core/Src/stm32f4xx_hal_msp.c **** 
 137:Core/Src/stm32f4xx_hal_msp.c ****   /* USER CODE BEGIN UART4_MspDeInit 1 */
 138:Core/Src/stm32f4xx_hal_msp.c **** 
 139:Core/Src/stm32f4xx_hal_msp.c ****   /* USER CODE END UART4_MspDeInit 1 */
 140:Core/Src/stm32f4xx_hal_msp.c ****   }
 141:Core/Src/stm32f4xx_hal_msp.c **** 
 142:Core/Src/stm32f4xx_hal_msp.c **** }
 232              		.loc 1 142 1 view .LVU51
 233 000a 08BD     		pop	{r3, pc}
 234              	.LVL7:
 235              	.L14:
 129:Core/Src/stm32f4xx_hal_msp.c **** 
 236              		.loc 1 129 5 is_stmt 1 view .LVU52
 237 000c 054A     		ldr	r2, .L15+4
 238 000e 136C     		ldr	r3, [r2, #64]
ARM GAS  /tmp/cc8Zb6lp.s 			page 8


 239 0010 23F40023 		bic	r3, r3, #524288
 240 0014 1364     		str	r3, [r2, #64]
 135:Core/Src/stm32f4xx_hal_msp.c **** 
 241              		.loc 1 135 5 view .LVU53
 242 0016 0321     		movs	r1, #3
 243 0018 0348     		ldr	r0, .L15+8
 244              	.LVL8:
 135:Core/Src/stm32f4xx_hal_msp.c **** 
 245              		.loc 1 135 5 is_stmt 0 view .LVU54
 246 001a FFF7FEFF 		bl	HAL_GPIO_DeInit
 247              	.LVL9:
 248              		.loc 1 142 1 view .LVU55
 249 001e F4E7     		b	.L11
 250              	.L16:
 251              		.align	2
 252              	.L15:
 253 0020 004C0040 		.word	1073761280
 254 0024 00380240 		.word	1073887232
 255 0028 00000240 		.word	1073872896
 256              		.cfi_endproc
 257              	.LFE132:
 259              		.text
 260              	.Letext0:
 261              		.file 2 "/usr/lib/gcc/arm-none-eabi/10.3.1/include/stdint.h"
 262              		.file 3 "Drivers/CMSIS/Device/ST/STM32F4xx/Include/stm32f407xx.h"
 263              		.file 4 "Drivers/STM32F4xx_HAL_Driver/Inc/stm32f4xx_hal_def.h"
 264              		.file 5 "Drivers/STM32F4xx_HAL_Driver/Inc/stm32f4xx_hal_gpio.h"
 265              		.file 6 "Drivers/STM32F4xx_HAL_Driver/Inc/stm32f4xx_hal_dma.h"
 266              		.file 7 "Drivers/STM32F4xx_HAL_Driver/Inc/stm32f4xx_hal_uart.h"
ARM GAS  /tmp/cc8Zb6lp.s 			page 9


DEFINED SYMBOLS
                            *ABS*:0000000000000000 stm32f4xx_hal_msp.c
     /tmp/cc8Zb6lp.s:18     .text.HAL_MspInit:0000000000000000 $t
     /tmp/cc8Zb6lp.s:26     .text.HAL_MspInit:0000000000000000 HAL_MspInit
     /tmp/cc8Zb6lp.s:80     .text.HAL_MspInit:0000000000000034 $d
     /tmp/cc8Zb6lp.s:85     .text.HAL_UART_MspInit:0000000000000000 $t
     /tmp/cc8Zb6lp.s:92     .text.HAL_UART_MspInit:0000000000000000 HAL_UART_MspInit
     /tmp/cc8Zb6lp.s:197    .text.HAL_UART_MspInit:0000000000000064 $d
     /tmp/cc8Zb6lp.s:203    .text.HAL_UART_MspDeInit:0000000000000000 $t
     /tmp/cc8Zb6lp.s:210    .text.HAL_UART_MspDeInit:0000000000000000 HAL_UART_MspDeInit
     /tmp/cc8Zb6lp.s:253    .text.HAL_UART_MspDeInit:0000000000000020 $d

UNDEFINED SYMBOLS
HAL_GPIO_Init
HAL_GPIO_DeInit
