ARM GAS  /tmp/ccRyShfK.s 			page 1


   1              		.cpu cortex-m4
   2              		.eabi_attribute 27, 1
   3              		.eabi_attribute 28, 1
   4              		.eabi_attribute 20, 1
   5              		.eabi_attribute 21, 1
   6              		.eabi_attribute 23, 3
   7              		.eabi_attribute 24, 1
   8              		.eabi_attribute 25, 1
   9              		.eabi_attribute 26, 1
  10              		.eabi_attribute 30, 1
  11              		.eabi_attribute 34, 1
  12              		.eabi_attribute 18, 4
  13              		.file	"wifi.c"
  14              		.text
  15              	.Ltext0:
  16              		.cfi_sections	.debug_frame
  17              		.section	.text.isValidData,"ax",%progbits
  18              		.align	1
  19              		.global	isValidData
  20              		.arch armv7e-m
  21              		.syntax unified
  22              		.thumb
  23              		.thumb_func
  24              		.fpu fpv4-sp-d16
  26              	isValidData:
  27              	.LVL0:
  28              	.LFB130:
  29              		.file 1 "Core/Src/wifi.c"
   1:Core/Src/wifi.c **** #include "wifi.h"
   2:Core/Src/wifi.c **** 
   3:Core/Src/wifi.c **** uint8_t getUpdateStatusCmd[3] = {0x02, 0x01, 0x03};
   4:Core/Src/wifi.c **** uint8_t UpdateCmd[3] = {0x02, 0x02, 0x04};
   5:Core/Src/wifi.c **** uint8_t DataOK[3] = {0x02, 0x03, 0x05};
   6:Core/Src/wifi.c **** uint8_t uartReadBuf[50];
   7:Core/Src/wifi.c **** 
   8:Core/Src/wifi.c **** bool isValidData(uint8_t *data, size_t size){
  30              		.loc 1 8 45 view -0
  31              		.cfi_startproc
  32              		@ args = 0, pretend = 0, frame = 0
  33              		@ frame_needed = 0, uses_anonymous_args = 0
  34              		@ link register save eliminated.
   9:Core/Src/wifi.c ****   uint8_t sum = 0;
  35              		.loc 1 9 3 view .LVU1
  10:Core/Src/wifi.c ****   int i = 0;
  36              		.loc 1 10 3 view .LVU2
  11:Core/Src/wifi.c ****   for (;i < size-1;i++){
  37              		.loc 1 11 3 view .LVU3
  10:Core/Src/wifi.c ****   int i = 0;
  38              		.loc 1 10 7 is_stmt 0 view .LVU4
  39 0000 0023     		movs	r3, #0
   9:Core/Src/wifi.c ****   uint8_t sum = 0;
  40              		.loc 1 9 11 view .LVU5
  41 0002 1A46     		mov	r2, r3
  42              		.loc 1 11 3 view .LVU6
  43 0004 04E0     		b	.L2
  44              	.LVL1:
  45              	.L3:
ARM GAS  /tmp/ccRyShfK.s 			page 2


  12:Core/Src/wifi.c ****     sum += data[i];
  46              		.loc 1 12 5 is_stmt 1 discriminator 2 view .LVU7
  47              		.loc 1 12 16 is_stmt 0 discriminator 2 view .LVU8
  48 0006 10F803C0 		ldrb	ip, [r0, r3]	@ zero_extendqisi2
  49              		.loc 1 12 9 discriminator 2 view .LVU9
  50 000a 6244     		add	r2, r2, ip
  51              	.LVL2:
  52              		.loc 1 12 9 discriminator 2 view .LVU10
  53 000c D2B2     		uxtb	r2, r2
  54              	.LVL3:
  11:Core/Src/wifi.c ****   for (;i < size-1;i++){
  55              		.loc 1 11 20 is_stmt 1 discriminator 2 view .LVU11
  11:Core/Src/wifi.c ****   for (;i < size-1;i++){
  56              		.loc 1 11 21 is_stmt 0 discriminator 2 view .LVU12
  57 000e 0133     		adds	r3, r3, #1
  58              	.LVL4:
  59              	.L2:
  11:Core/Src/wifi.c ****   for (;i < size-1;i++){
  60              		.loc 1 11 9 is_stmt 1 discriminator 1 view .LVU13
  11:Core/Src/wifi.c ****   for (;i < size-1;i++){
  61              		.loc 1 11 17 is_stmt 0 discriminator 1 view .LVU14
  62 0010 01F1FF3C 		add	ip, r1, #-1
  11:Core/Src/wifi.c ****   for (;i < size-1;i++){
  63              		.loc 1 11 3 discriminator 1 view .LVU15
  64 0014 9C45     		cmp	ip, r3
  65 0016 F6D8     		bhi	.L3
  13:Core/Src/wifi.c ****   }
  14:Core/Src/wifi.c ****   if (sum  == data[size - 1])
  66              		.loc 1 14 3 is_stmt 1 view .LVU16
  67              		.loc 1 14 19 is_stmt 0 view .LVU17
  68 0018 10F80C30 		ldrb	r3, [r0, ip]	@ zero_extendqisi2
  69              	.LVL5:
  70              		.loc 1 14 6 view .LVU18
  71 001c 9342     		cmp	r3, r2
  72 001e 01D0     		beq	.L5
  15:Core/Src/wifi.c ****     return true;
  16:Core/Src/wifi.c ****   return false;
  73              		.loc 1 16 10 view .LVU19
  74 0020 0020     		movs	r0, #0
  75              	.LVL6:
  76              		.loc 1 16 10 view .LVU20
  77 0022 7047     		bx	lr
  78              	.LVL7:
  79              	.L5:
  15:Core/Src/wifi.c ****     return true;
  80              		.loc 1 15 12 view .LVU21
  81 0024 0120     		movs	r0, #1
  82              	.LVL8:
  17:Core/Src/wifi.c **** }
  83              		.loc 1 17 1 view .LVU22
  84 0026 7047     		bx	lr
  85              		.cfi_endproc
  86              	.LFE130:
  88              		.section	.text.isUpdate,"ax",%progbits
  89              		.align	1
  90              		.global	isUpdate
  91              		.syntax unified
ARM GAS  /tmp/ccRyShfK.s 			page 3


  92              		.thumb
  93              		.thumb_func
  94              		.fpu fpv4-sp-d16
  96              	isUpdate:
  97              	.LVL9:
  98              	.LFB131:
  18:Core/Src/wifi.c **** 
  19:Core/Src/wifi.c **** bool isUpdate(UART_HandleTypeDef *huart){
  99              		.loc 1 19 41 is_stmt 1 view -0
 100              		.cfi_startproc
 101              		@ args = 0, pretend = 0, frame = 0
 102              		@ frame_needed = 0, uses_anonymous_args = 0
 103              		.loc 1 19 41 is_stmt 0 view .LVU24
 104 0000 38B5     		push	{r3, r4, r5, lr}
 105              	.LCFI0:
 106              		.cfi_def_cfa_offset 16
 107              		.cfi_offset 3, -16
 108              		.cfi_offset 4, -12
 109              		.cfi_offset 5, -8
 110              		.cfi_offset 14, -4
 111 0002 0446     		mov	r4, r0
  20:Core/Src/wifi.c ****     HAL_UART_Transmit(huart, getUpdateStatusCmd, 3, 0xFFFF);
 112              		.loc 1 20 5 is_stmt 1 view .LVU25
 113 0004 4FF6FF73 		movw	r3, #65535
 114 0008 0322     		movs	r2, #3
 115 000a 1049     		ldr	r1, .L16
 116 000c FFF7FEFF 		bl	HAL_UART_Transmit
 117              	.LVL10:
  21:Core/Src/wifi.c ****     HAL_UART_Receive(huart, uartReadBuf, 5, 5000);
 118              		.loc 1 21 5 view .LVU26
 119 0010 0F4D     		ldr	r5, .L16+4
 120 0012 41F28833 		movw	r3, #5000
 121 0016 0522     		movs	r2, #5
 122 0018 2946     		mov	r1, r5
 123 001a 2046     		mov	r0, r4
 124 001c FFF7FEFF 		bl	HAL_UART_Receive
 125              	.LVL11:
  22:Core/Src/wifi.c ****     if(uartReadBuf[0] == 4 && uartReadBuf[1] == 1 && uartReadBuf[2] == 1 && uartReadBuf[3] == 6){
 126              		.loc 1 22 5 view .LVU27
 127              		.loc 1 22 19 is_stmt 0 view .LVU28
 128 0020 2B78     		ldrb	r3, [r5]	@ zero_extendqisi2
 129              		.loc 1 22 7 view .LVU29
 130 0022 042B     		cmp	r3, #4
 131 0024 01D0     		beq	.L13
  23:Core/Src/wifi.c ****         return true;
  24:Core/Src/wifi.c ****     }
  25:Core/Src/wifi.c ****     return false;
 132              		.loc 1 25 12 view .LVU30
 133 0026 0020     		movs	r0, #0
 134              	.L7:
  26:Core/Src/wifi.c **** }
 135              		.loc 1 26 1 view .LVU31
 136 0028 38BD     		pop	{r3, r4, r5, pc}
 137              	.LVL12:
 138              	.L13:
  22:Core/Src/wifi.c ****     if(uartReadBuf[0] == 4 && uartReadBuf[1] == 1 && uartReadBuf[2] == 1 && uartReadBuf[3] == 6){
 139              		.loc 1 22 42 discriminator 1 view .LVU32
ARM GAS  /tmp/ccRyShfK.s 			page 4


 140 002a 6B78     		ldrb	r3, [r5, #1]	@ zero_extendqisi2
  22:Core/Src/wifi.c ****     if(uartReadBuf[0] == 4 && uartReadBuf[1] == 1 && uartReadBuf[2] == 1 && uartReadBuf[3] == 6){
 141              		.loc 1 22 28 discriminator 1 view .LVU33
 142 002c 012B     		cmp	r3, #1
 143 002e 01D0     		beq	.L14
  25:Core/Src/wifi.c **** }
 144              		.loc 1 25 12 view .LVU34
 145 0030 0020     		movs	r0, #0
 146 0032 F9E7     		b	.L7
 147              	.L14:
  22:Core/Src/wifi.c ****         return true;
 148              		.loc 1 22 65 discriminator 2 view .LVU35
 149 0034 AB78     		ldrb	r3, [r5, #2]	@ zero_extendqisi2
  22:Core/Src/wifi.c ****         return true;
 150              		.loc 1 22 51 discriminator 2 view .LVU36
 151 0036 012B     		cmp	r3, #1
 152 0038 01D0     		beq	.L15
  25:Core/Src/wifi.c **** }
 153              		.loc 1 25 12 view .LVU37
 154 003a 0020     		movs	r0, #0
 155 003c F4E7     		b	.L7
 156              	.L15:
  22:Core/Src/wifi.c ****         return true;
 157              		.loc 1 22 88 discriminator 3 view .LVU38
 158 003e EB78     		ldrb	r3, [r5, #3]	@ zero_extendqisi2
  22:Core/Src/wifi.c ****         return true;
 159              		.loc 1 22 74 discriminator 3 view .LVU39
 160 0040 062B     		cmp	r3, #6
 161 0042 01D0     		beq	.L11
  25:Core/Src/wifi.c **** }
 162              		.loc 1 25 12 view .LVU40
 163 0044 0020     		movs	r0, #0
 164 0046 EFE7     		b	.L7
 165              	.L11:
  23:Core/Src/wifi.c ****     }
 166              		.loc 1 23 16 view .LVU41
 167 0048 0120     		movs	r0, #1
 168 004a EDE7     		b	.L7
 169              	.L17:
 170              		.align	2
 171              	.L16:
 172 004c 00000000 		.word	.LANCHOR0
 173 0050 00000000 		.word	.LANCHOR1
 174              		.cfi_endproc
 175              	.LFE131:
 177              		.section	.text.UpdateFW,"ax",%progbits
 178              		.align	1
 179              		.global	UpdateFW
 180              		.syntax unified
 181              		.thumb
 182              		.thumb_func
 183              		.fpu fpv4-sp-d16
 185              	UpdateFW:
 186              	.LVL13:
 187              	.LFB132:
  27:Core/Src/wifi.c **** 
  28:Core/Src/wifi.c **** 
ARM GAS  /tmp/ccRyShfK.s 			page 5


  29:Core/Src/wifi.c **** bool UpdateFW(UART_HandleTypeDef *huart){
 188              		.loc 1 29 41 is_stmt 1 view -0
 189              		.cfi_startproc
 190              		@ args = 0, pretend = 0, frame = 24
 191              		@ frame_needed = 0, uses_anonymous_args = 0
 192              		.loc 1 29 41 is_stmt 0 view .LVU43
 193 0000 2DE9F041 		push	{r4, r5, r6, r7, r8, lr}
 194              	.LCFI1:
 195              		.cfi_def_cfa_offset 24
 196              		.cfi_offset 4, -24
 197              		.cfi_offset 5, -20
 198              		.cfi_offset 6, -16
 199              		.cfi_offset 7, -12
 200              		.cfi_offset 8, -8
 201              		.cfi_offset 14, -4
 202 0004 86B0     		sub	sp, sp, #24
 203              	.LCFI2:
 204              		.cfi_def_cfa_offset 48
 205 0006 0646     		mov	r6, r0
  30:Core/Src/wifi.c ****     // USBPrint("--- UPDATE START ---\n");
  31:Core/Src/wifi.c **** 	uint32_t internAddr = APP_START_ADDR;
 206              		.loc 1 31 2 is_stmt 1 view .LVU44
 207              	.LVL14:
  32:Core/Src/wifi.c **** 	uint8_t buf[5] = { 0 };
 208              		.loc 1 32 2 view .LVU45
 209              		.loc 1 32 10 is_stmt 0 view .LVU46
 210 0008 0023     		movs	r3, #0
 211 000a 0493     		str	r3, [sp, #16]
 212 000c 8DF81430 		strb	r3, [sp, #20]
  33:Core/Src/wifi.c **** 	uint8_t sizeBuf[5] = { 0 };
 213              		.loc 1 33 2 is_stmt 1 view .LVU47
 214              		.loc 1 33 10 is_stmt 0 view .LVU48
 215 0010 0293     		str	r3, [sp, #8]
 216 0012 8DF80C30 		strb	r3, [sp, #12]
  34:Core/Src/wifi.c **** 	uint32_t data = 0;
 217              		.loc 1 34 2 is_stmt 1 view .LVU49
 218              	.LVL15:
  35:Core/Src/wifi.c **** 	uint16_t appSize = -1;
 219              		.loc 1 35 2 view .LVU50
  36:Core/Src/wifi.c **** 	uint8_t out[20];
 220              		.loc 1 36 2 view .LVU51
  37:Core/Src/wifi.c **** 
  38:Core/Src/wifi.c ****     HAL_UART_Transmit(huart, UpdateCmd, 3, 0xFFFF);
 221              		.loc 1 38 5 view .LVU52
 222 0016 4FF6FF73 		movw	r3, #65535
 223 001a 0322     		movs	r2, #3
 224 001c 3349     		ldr	r1, .L27
 225 001e FFF7FEFF 		bl	HAL_UART_Transmit
 226              	.LVL16:
  39:Core/Src/wifi.c **** 	HAL_UART_Receive(huart, sizeBuf, sizeof(sizeBuf), 10000);
 227              		.loc 1 39 2 view .LVU53
 228 0022 42F21073 		movw	r3, #10000
 229 0026 0522     		movs	r2, #5
 230 0028 02A9     		add	r1, sp, #8
 231 002a 3046     		mov	r0, r6
 232 002c FFF7FEFF 		bl	HAL_UART_Receive
 233              	.LVL17:
ARM GAS  /tmp/ccRyShfK.s 			page 6


  40:Core/Src/wifi.c **** 	if (isValidData(sizeBuf, sizeof(sizeBuf))){
 234              		.loc 1 40 2 view .LVU54
 235              		.loc 1 40 6 is_stmt 0 view .LVU55
 236 0030 0521     		movs	r1, #5
 237 0032 02A8     		add	r0, sp, #8
 238 0034 FFF7FEFF 		bl	isValidData
 239              	.LVL18:
 240              		.loc 1 40 5 view .LVU56
 241 0038 8046     		mov	r8, r0
 242 003a 18B9     		cbnz	r0, .L25
 243              	.LVL19:
 244              	.L19:
  41:Core/Src/wifi.c **** 		
  42:Core/Src/wifi.c **** 		appSize = ((sizeBuf[1] << 16) | (sizeBuf[2] << 8)) | sizeBuf[3];
  43:Core/Src/wifi.c **** 		// sprintf(out, "SIZE: %u\n", appSize);
  44:Core/Src/wifi.c **** 		// USBPrint(out);
  45:Core/Src/wifi.c **** 	} else {
  46:Core/Src/wifi.c **** 		// USBPrint("SIZE NOT VALID: ");
  47:Core/Src/wifi.c **** 		// USBprintArray(sizeBuf, sizeof(sizeBuf));
  48:Core/Src/wifi.c **** 		return false;
  49:Core/Src/wifi.c **** 	}
  50:Core/Src/wifi.c **** 	HAL_StatusTypeDef flashStatus;
  51:Core/Src/wifi.c ****     HAL_FLASH_Unlock();
  52:Core/Src/wifi.c ****     __HAL_FLASH_CLEAR_FLAG(FLASH_FLAG_EOP | FLASH_FLAG_WRPERR | FLASH_FLAG_PGSERR);
  53:Core/Src/wifi.c ****     FLASH_Erase_Sector(FLASH_SECTOR_4, VOLTAGE_RANGE_3);
  54:Core/Src/wifi.c **** 	FLASH_Erase_Sector(FLASH_SECTOR_5, VOLTAGE_RANGE_3);
  55:Core/Src/wifi.c ****     // eraseAppInMpu();
  56:Core/Src/wifi.c **** 
  57:Core/Src/wifi.c **** 	uint8_t stmCheckSum = 0, espCheckSum = -1;
  58:Core/Src/wifi.c **** 	int i;
  59:Core/Src/wifi.c **** 	uint8_t dataOk[1] = {0x74};
  60:Core/Src/wifi.c **** 	for (i = 0; i < appSize; i += 4) {
  61:Core/Src/wifi.c **** 		HAL_UART_Transmit(huart, dataOk, sizeof(dataOk), 0xFFFF);
  62:Core/Src/wifi.c **** 		HAL_UART_Receive(huart, buf, 5, 10000);
  63:Core/Src/wifi.c **** 		uint8_t tempSum = buf[0] + buf[1] + buf[2] + buf[3];
  64:Core/Src/wifi.c **** 		if ( tempSum != buf[4]){
  65:Core/Src/wifi.c **** 			return false;
  66:Core/Src/wifi.c **** 		}
  67:Core/Src/wifi.c **** 		data = buf[3] << 24;
  68:Core/Src/wifi.c **** 		data |= buf[2] << 16;
  69:Core/Src/wifi.c **** 		data |= buf[1] << 8;
  70:Core/Src/wifi.c **** 		data |= buf[0];
  71:Core/Src/wifi.c **** 
  72:Core/Src/wifi.c **** 		flashStatus = HAL_FLASH_Program(
  73:Core/Src/wifi.c **** 		FLASH_TYPEPROGRAM_WORD, internAddr, data);
  74:Core/Src/wifi.c **** 		internAddr += 4;
  75:Core/Src/wifi.c ****         
  76:Core/Src/wifi.c **** 		if (flashStatus != HAL_OK) {
  77:Core/Src/wifi.c ****             // USBPrint("UPDATE false");
  78:Core/Src/wifi.c **** 			return false;
  79:Core/Src/wifi.c **** 		}
  80:Core/Src/wifi.c **** 		if(appSize - i <= 16){
  81:Core/Src/wifi.c **** 			// USBprintArray(buf, 4);
  82:Core/Src/wifi.c **** 		}
  83:Core/Src/wifi.c **** 	}
  84:Core/Src/wifi.c ****     // USBPrint("--- UPDATE END ---\n");
  85:Core/Src/wifi.c ****     HAL_FLASH_Lock();
ARM GAS  /tmp/ccRyShfK.s 			page 7


  86:Core/Src/wifi.c **** 	// GoToApplication();
  87:Core/Src/wifi.c **** 
  88:Core/Src/wifi.c **** 	return true;
  89:Core/Src/wifi.c **** }...
 245              		.loc 1 89 1 view .LVU57
 246 003c 4046     		mov	r0, r8
 247 003e 06B0     		add	sp, sp, #24
 248              	.LCFI3:
 249              		.cfi_remember_state
 250              		.cfi_def_cfa_offset 24
 251              		@ sp needed
 252 0040 BDE8F081 		pop	{r4, r5, r6, r7, r8, pc}
 253              	.LVL20:
 254              	.L25:
 255              	.LCFI4:
 256              		.cfi_restore_state
  42:Core/Src/wifi.c **** 		appSize = ((sizeBuf[1] << 16) | (sizeBuf[2] << 8)) | sizeBuf[3];
 257              		.loc 1 42 3 is_stmt 1 view .LVU58
  42:Core/Src/wifi.c **** 		appSize = ((sizeBuf[1] << 16) | (sizeBuf[2] << 8)) | sizeBuf[3];
 258              		.loc 1 42 43 is_stmt 0 view .LVU59
 259 0044 9DF80A70 		ldrb	r7, [sp, #10]	@ zero_extendqisi2
  42:Core/Src/wifi.c **** 		appSize = ((sizeBuf[1] << 16) | (sizeBuf[2] << 8)) | sizeBuf[3];
 260              		.loc 1 42 47 view .LVU60
 261 0048 3F02     		lsls	r7, r7, #8
  42:Core/Src/wifi.c **** 		appSize = ((sizeBuf[1] << 16) | (sizeBuf[2] << 8)) | sizeBuf[3];
 262              		.loc 1 42 33 view .LVU61
 263 004a 3FB2     		sxth	r7, r7
  42:Core/Src/wifi.c **** 		appSize = ((sizeBuf[1] << 16) | (sizeBuf[2] << 8)) | sizeBuf[3];
 264              		.loc 1 42 63 view .LVU62
 265 004c 9DF80B30 		ldrb	r3, [sp, #11]	@ zero_extendqisi2
  42:Core/Src/wifi.c **** 		appSize = ((sizeBuf[1] << 16) | (sizeBuf[2] << 8)) | sizeBuf[3];
 266              		.loc 1 42 54 view .LVU63
 267 0050 1F43     		orrs	r7, r7, r3
  42:Core/Src/wifi.c **** 		appSize = ((sizeBuf[1] << 16) | (sizeBuf[2] << 8)) | sizeBuf[3];
 268              		.loc 1 42 11 view .LVU64
 269 0052 BFB2     		uxth	r7, r7
 270              	.LVL21:
  50:Core/Src/wifi.c **** 	HAL_StatusTypeDef flashStatus;
 271              		.loc 1 50 2 is_stmt 1 view .LVU65
  51:Core/Src/wifi.c ****     HAL_FLASH_Unlock();
 272              		.loc 1 51 5 view .LVU66
 273 0054 FFF7FEFF 		bl	HAL_FLASH_Unlock
 274              	.LVL22:
  52:Core/Src/wifi.c ****     __HAL_FLASH_CLEAR_FLAG(FLASH_FLAG_EOP | FLASH_FLAG_WRPERR | FLASH_FLAG_PGSERR);
 275              		.loc 1 52 5 view .LVU67
 276 0058 254B     		ldr	r3, .L27+4
 277 005a 9122     		movs	r2, #145
 278 005c DA60     		str	r2, [r3, #12]
  53:Core/Src/wifi.c ****     FLASH_Erase_Sector(FLASH_SECTOR_4, VOLTAGE_RANGE_3);
 279              		.loc 1 53 5 view .LVU68
 280 005e 0221     		movs	r1, #2
 281 0060 0420     		movs	r0, #4
 282 0062 FFF7FEFF 		bl	FLASH_Erase_Sector
 283              	.LVL23:
  54:Core/Src/wifi.c **** 	FLASH_Erase_Sector(FLASH_SECTOR_5, VOLTAGE_RANGE_3);
 284              		.loc 1 54 2 view .LVU69
 285 0066 0221     		movs	r1, #2
ARM GAS  /tmp/ccRyShfK.s 			page 8


 286 0068 0520     		movs	r0, #5
 287 006a FFF7FEFF 		bl	FLASH_Erase_Sector
 288              	.LVL24:
  57:Core/Src/wifi.c **** 	uint8_t stmCheckSum = 0, espCheckSum = -1;
 289              		.loc 1 57 2 view .LVU70
  58:Core/Src/wifi.c **** 	int i;
 290              		.loc 1 58 2 view .LVU71
  59:Core/Src/wifi.c **** 	uint8_t dataOk[1] = {0x74};
 291              		.loc 1 59 2 view .LVU72
  59:Core/Src/wifi.c **** 	uint8_t dataOk[1] = {0x74};
 292              		.loc 1 59 10 is_stmt 0 view .LVU73
 293 006e 7423     		movs	r3, #116
 294 0070 8DF80430 		strb	r3, [sp, #4]
  60:Core/Src/wifi.c **** 	for (i = 0; i < appSize; i += 4) {
 295              		.loc 1 60 2 is_stmt 1 view .LVU74
 296              	.LVL25:
  60:Core/Src/wifi.c **** 	for (i = 0; i < appSize; i += 4) {
 297              		.loc 1 60 9 is_stmt 0 view .LVU75
 298 0074 0024     		movs	r4, #0
  31:Core/Src/wifi.c **** 	uint32_t internAddr = APP_START_ADDR;
 299              		.loc 1 31 11 view .LVU76
 300 0076 1F4D     		ldr	r5, .L27+8
 301              	.LVL26:
 302              	.L20:
  60:Core/Src/wifi.c **** 	for (i = 0; i < appSize; i += 4) {
 303              		.loc 1 60 14 is_stmt 1 discriminator 1 view .LVU77
  60:Core/Src/wifi.c **** 	for (i = 0; i < appSize; i += 4) {
 304              		.loc 1 60 2 is_stmt 0 discriminator 1 view .LVU78
 305 0078 A742     		cmp	r7, r4
 306 007a 2EDD     		ble	.L26
 307              	.LBB2:
  61:Core/Src/wifi.c **** 		HAL_UART_Transmit(huart, dataOk, sizeof(dataOk), 0xFFFF);
 308              		.loc 1 61 3 is_stmt 1 view .LVU79
 309 007c 4FF6FF73 		movw	r3, #65535
 310 0080 0122     		movs	r2, #1
 311 0082 01A9     		add	r1, sp, #4
 312 0084 3046     		mov	r0, r6
 313 0086 FFF7FEFF 		bl	HAL_UART_Transmit
 314              	.LVL27:
  62:Core/Src/wifi.c **** 		HAL_UART_Receive(huart, buf, 5, 10000);
 315              		.loc 1 62 3 view .LVU80
 316 008a 42F21073 		movw	r3, #10000
 317 008e 0522     		movs	r2, #5
 318 0090 04A9     		add	r1, sp, #16
 319 0092 3046     		mov	r0, r6
 320 0094 FFF7FEFF 		bl	HAL_UART_Receive
 321              	.LVL28:
  63:Core/Src/wifi.c **** 		uint8_t tempSum = buf[0] + buf[1] + buf[2] + buf[3];
 322              		.loc 1 63 3 view .LVU81
  63:Core/Src/wifi.c **** 		uint8_t tempSum = buf[0] + buf[1] + buf[2] + buf[3];
 323              		.loc 1 63 24 is_stmt 0 view .LVU82
 324 0098 9DF81020 		ldrb	r2, [sp, #16]	@ zero_extendqisi2
  63:Core/Src/wifi.c **** 		uint8_t tempSum = buf[0] + buf[1] + buf[2] + buf[3];
 325              		.loc 1 63 33 view .LVU83
 326 009c 9DF81100 		ldrb	r0, [sp, #17]	@ zero_extendqisi2
  63:Core/Src/wifi.c **** 		uint8_t tempSum = buf[0] + buf[1] + buf[2] + buf[3];
 327              		.loc 1 63 28 view .LVU84
ARM GAS  /tmp/ccRyShfK.s 			page 9


 328 00a0 1118     		adds	r1, r2, r0
  63:Core/Src/wifi.c **** 		uint8_t tempSum = buf[0] + buf[1] + buf[2] + buf[3];
 329              		.loc 1 63 42 view .LVU85
 330 00a2 9DF81230 		ldrb	r3, [sp, #18]	@ zero_extendqisi2
  63:Core/Src/wifi.c **** 		uint8_t tempSum = buf[0] + buf[1] + buf[2] + buf[3];
 331              		.loc 1 63 37 view .LVU86
 332 00a6 53FA81F1 		uxtab	r1, r3, r1
  63:Core/Src/wifi.c **** 		uint8_t tempSum = buf[0] + buf[1] + buf[2] + buf[3];
 333              		.loc 1 63 51 view .LVU87
 334 00aa 9DF813C0 		ldrb	ip, [sp, #19]	@ zero_extendqisi2
  63:Core/Src/wifi.c **** 		uint8_t tempSum = buf[0] + buf[1] + buf[2] + buf[3];
 335              		.loc 1 63 11 view .LVU88
 336 00ae 5CFA81F1 		uxtab	r1, ip, r1
 337 00b2 C9B2     		uxtb	r1, r1
 338              	.LVL29:
  64:Core/Src/wifi.c **** 		if ( tempSum != buf[4]){
 339              		.loc 1 64 3 is_stmt 1 view .LVU89
  64:Core/Src/wifi.c **** 		if ( tempSum != buf[4]){
 340              		.loc 1 64 22 is_stmt 0 view .LVU90
 341 00b4 9DF814E0 		ldrb	lr, [sp, #20]	@ zero_extendqisi2
  64:Core/Src/wifi.c **** 		if ( tempSum != buf[4]){
 342              		.loc 1 64 6 view .LVU91
 343 00b8 8E45     		cmp	lr, r1
 344 00ba 11D1     		bne	.L22
  67:Core/Src/wifi.c **** 		data = buf[3] << 24;
 345              		.loc 1 67 3 is_stmt 1 view .LVU92
 346              	.LVL30:
  68:Core/Src/wifi.c **** 		data |= buf[2] << 16;
 347              		.loc 1 68 3 view .LVU93
  68:Core/Src/wifi.c **** 		data |= buf[2] << 16;
 348              		.loc 1 68 18 is_stmt 0 view .LVU94
 349 00bc 1B04     		lsls	r3, r3, #16
  68:Core/Src/wifi.c **** 		data |= buf[2] << 16;
 350              		.loc 1 68 8 view .LVU95
 351 00be 43EA0C63 		orr	r3, r3, ip, lsl #24
 352              	.LVL31:
  69:Core/Src/wifi.c **** 		data |= buf[1] << 8;
 353              		.loc 1 69 3 is_stmt 1 view .LVU96
  69:Core/Src/wifi.c **** 		data |= buf[1] << 8;
 354              		.loc 1 69 8 is_stmt 0 view .LVU97
 355 00c2 43EA0023 		orr	r3, r3, r0, lsl #8
 356              	.LVL32:
  70:Core/Src/wifi.c **** 		data |= buf[0];
 357              		.loc 1 70 3 is_stmt 1 view .LVU98
  72:Core/Src/wifi.c **** 		flashStatus = HAL_FLASH_Program(
 358              		.loc 1 72 3 view .LVU99
  72:Core/Src/wifi.c **** 		flashStatus = HAL_FLASH_Program(
 359              		.loc 1 72 17 is_stmt 0 view .LVU100
 360 00c6 1A43     		orrs	r2, r2, r3
 361              	.LVL33:
  72:Core/Src/wifi.c **** 		flashStatus = HAL_FLASH_Program(
 362              		.loc 1 72 17 view .LVU101
 363 00c8 0023     		movs	r3, #0
 364 00ca 2946     		mov	r1, r5
 365              	.LVL34:
  72:Core/Src/wifi.c **** 		flashStatus = HAL_FLASH_Program(
 366              		.loc 1 72 17 view .LVU102
ARM GAS  /tmp/ccRyShfK.s 			page 10


 367 00cc 0220     		movs	r0, #2
 368              	.LVL35:
  72:Core/Src/wifi.c **** 		flashStatus = HAL_FLASH_Program(
 369              		.loc 1 72 17 view .LVU103
 370 00ce FFF7FEFF 		bl	HAL_FLASH_Program
 371              	.LVL36:
  74:Core/Src/wifi.c **** 		internAddr += 4;
 372              		.loc 1 74 3 is_stmt 1 view .LVU104
  74:Core/Src/wifi.c **** 		internAddr += 4;
 373              		.loc 1 74 14 is_stmt 0 view .LVU105
 374 00d2 0435     		adds	r5, r5, #4
 375              	.LVL37:
  76:Core/Src/wifi.c **** 		if (flashStatus != HAL_OK) {
 376              		.loc 1 76 3 is_stmt 1 view .LVU106
  76:Core/Src/wifi.c **** 		if (flashStatus != HAL_OK) {
 377              		.loc 1 76 6 is_stmt 0 view .LVU107
 378 00d4 38B9     		cbnz	r0, .L23
  80:Core/Src/wifi.c **** 		if(appSize - i <= 16){
 379              		.loc 1 80 3 is_stmt 1 view .LVU108
  82:Core/Src/wifi.c **** 		}
 380              		.loc 1 82 3 view .LVU109
 381              	.LBE2:
  60:Core/Src/wifi.c **** 	for (i = 0; i < appSize; i += 4) {
 382              		.loc 1 60 27 view .LVU110
  60:Core/Src/wifi.c **** 	for (i = 0; i < appSize; i += 4) {
 383              		.loc 1 60 29 is_stmt 0 view .LVU111
 384 00d6 0434     		adds	r4, r4, #4
 385              	.LVL38:
  60:Core/Src/wifi.c **** 	for (i = 0; i < appSize; i += 4) {
 386              		.loc 1 60 29 view .LVU112
 387 00d8 CEE7     		b	.L20
 388              	.LVL39:
 389              	.L26:
  85:Core/Src/wifi.c ****     HAL_FLASH_Lock();
 390              		.loc 1 85 5 is_stmt 1 view .LVU113
 391 00da FFF7FEFF 		bl	HAL_FLASH_Lock
 392              	.LVL40:
  88:Core/Src/wifi.c **** 	return true;
 393              		.loc 1 88 2 view .LVU114
  88:Core/Src/wifi.c **** 	return true;
 394              		.loc 1 88 9 is_stmt 0 view .LVU115
 395 00de ADE7     		b	.L19
 396              	.LVL41:
 397              	.L22:
 398              	.LBB3:
  65:Core/Src/wifi.c **** 			return false;
 399              		.loc 1 65 11 view .LVU116
 400 00e0 4FF00008 		mov	r8, #0
 401 00e4 AAE7     		b	.L19
 402              	.LVL42:
 403              	.L23:
  78:Core/Src/wifi.c **** 			return false;
 404              		.loc 1 78 11 view .LVU117
 405 00e6 4FF00008 		mov	r8, #0
 406 00ea A7E7     		b	.L19
 407              	.L28:
 408              		.align	2
ARM GAS  /tmp/ccRyShfK.s 			page 11


 409              	.L27:
 410 00ec 00000000 		.word	.LANCHOR2
 411 00f0 003C0240 		.word	1073888256
 412 00f4 00000108 		.word	134283264
 413              	.LBE3:
 414              		.cfi_endproc
 415              	.LFE132:
 417              		.global	uartReadBuf
 418              		.global	DataOK
 419              		.global	UpdateCmd
 420              		.global	getUpdateStatusCmd
 421              		.section	.bss.uartReadBuf,"aw",%nobits
 422              		.align	2
 423              		.set	.LANCHOR1,. + 0
 426              	uartReadBuf:
 427 0000 00000000 		.space	50
 427      00000000 
 427      00000000 
 427      00000000 
 427      00000000 
 428              		.section	.data.DataOK,"aw"
 429              		.align	2
 432              	DataOK:
 433 0000 020305   		.ascii	"\002\003\005"
 434              		.section	.data.UpdateCmd,"aw"
 435              		.align	2
 436              		.set	.LANCHOR2,. + 0
 439              	UpdateCmd:
 440 0000 020204   		.ascii	"\002\002\004"
 441              		.section	.data.getUpdateStatusCmd,"aw"
 442              		.align	2
 443              		.set	.LANCHOR0,. + 0
 446              	getUpdateStatusCmd:
 447 0000 020103   		.ascii	"\002\001\003"
 448              		.text
 449              	.Letext0:
 450              		.file 2 "/usr/lib/gcc/arm-none-eabi/10.3.1/include/stdint.h"
 451              		.file 3 "Drivers/CMSIS/Device/ST/STM32F4xx/Include/stm32f407xx.h"
 452              		.file 4 "/usr/lib/gcc/arm-none-eabi/10.3.1/include/stddef.h"
 453              		.file 5 "Drivers/STM32F4xx_HAL_Driver/Inc/stm32f4xx_hal_def.h"
 454              		.file 6 "Drivers/STM32F4xx_HAL_Driver/Inc/stm32f4xx_hal_dma.h"
 455              		.file 7 "Drivers/STM32F4xx_HAL_Driver/Inc/stm32f4xx_hal_uart.h"
 456              		.file 8 "Drivers/STM32F4xx_HAL_Driver/Inc/stm32f4xx_hal_flash.h"
 457              		.file 9 "Drivers/STM32F4xx_HAL_Driver/Inc/stm32f4xx_hal_flash_ex.h"
ARM GAS  /tmp/ccRyShfK.s 			page 12


DEFINED SYMBOLS
                            *ABS*:0000000000000000 wifi.c
     /tmp/ccRyShfK.s:18     .text.isValidData:0000000000000000 $t
     /tmp/ccRyShfK.s:26     .text.isValidData:0000000000000000 isValidData
     /tmp/ccRyShfK.s:89     .text.isUpdate:0000000000000000 $t
     /tmp/ccRyShfK.s:96     .text.isUpdate:0000000000000000 isUpdate
     /tmp/ccRyShfK.s:172    .text.isUpdate:000000000000004c $d
     /tmp/ccRyShfK.s:178    .text.UpdateFW:0000000000000000 $t
     /tmp/ccRyShfK.s:185    .text.UpdateFW:0000000000000000 UpdateFW
     /tmp/ccRyShfK.s:410    .text.UpdateFW:00000000000000ec $d
     /tmp/ccRyShfK.s:426    .bss.uartReadBuf:0000000000000000 uartReadBuf
     /tmp/ccRyShfK.s:432    .data.DataOK:0000000000000000 DataOK
     /tmp/ccRyShfK.s:439    .data.UpdateCmd:0000000000000000 UpdateCmd
     /tmp/ccRyShfK.s:446    .data.getUpdateStatusCmd:0000000000000000 getUpdateStatusCmd
     /tmp/ccRyShfK.s:422    .bss.uartReadBuf:0000000000000000 $d
     /tmp/ccRyShfK.s:429    .data.DataOK:0000000000000000 $d
     /tmp/ccRyShfK.s:435    .data.UpdateCmd:0000000000000000 $d
     /tmp/ccRyShfK.s:442    .data.getUpdateStatusCmd:0000000000000000 $d

UNDEFINED SYMBOLS
HAL_UART_Transmit
HAL_UART_Receive
HAL_FLASH_Unlock
FLASH_Erase_Sector
HAL_FLASH_Program
HAL_FLASH_Lock
