Added Component: Designator=VD1(SOD-882)
Add component (AddParameter): Name = "ComponentKind"; Value = "SOD-882"; VariantName = "[No Variations]"
Add component (AddParameter): Name = "HelpURL"; Value = "https://www.digikey.com/en/products/detail/littelfuse-inc/SP3031-01ETG/3598390"; VariantName = "[No Variations]"
Add component (AddParameter): Name = "Manufacturer"; Value = "Littelfuse Inc."; VariantName = "[No Variations]"
Add component (AddParameter): Name = "Model"; Value = "SP3031-01ETG"; VariantName = "[No Variations]"
Add component (AddParameter): Name = "Supplier 1"; Value = "RSComponents"; VariantName = "[No Variations]"
Add component (AddParameter): Name = "Supplier Part Number 1"; Value = "1713885"; VariantName = "[No Variations]"
Added Component: Designator=VD2(SOD-882)
Add component (AddParameter): Name = "ComponentKind"; Value = "SOD-882"; VariantName = "[No Variations]"
Add component (AddParameter): Name = "HelpURL"; Value = "https://www.digikey.com/en/products/detail/littelfuse-inc/SP3031-01ETG/3598390"; VariantName = "[No Variations]"
Add component (AddParameter): Name = "Manufacturer"; Value = "Littelfuse Inc."; VariantName = "[No Variations]"
Add component (AddParameter): Name = "Model"; Value = "SP3031-01ETG"; VariantName = "[No Variations]"
Add component (AddParameter): Name = "Supplier 1"; Value = "RSComponents"; VariantName = "[No Variations]"
Add component (AddParameter): Name = "Supplier Part Number 1"; Value = "1713885"; VariantName = "[No Variations]"
Added Component: Designator=VD3(SOD-882)
Add component (AddParameter): Name = "ComponentKind"; Value = "SOD-882"; VariantName = "[No Variations]"
Add component (AddParameter): Name = "HelpURL"; Value = "https://www.digikey.com/en/products/detail/littelfuse-inc/SP3031-01ETG/3598390"; VariantName = "[No Variations]"
Add component (AddParameter): Name = "Manufacturer"; Value = "Littelfuse Inc."; VariantName = "[No Variations]"
Add component (AddParameter): Name = "Model"; Value = "SP3031-01ETG"; VariantName = "[No Variations]"
Add component (AddParameter): Name = "Supplier 1"; Value = "RSComponents"; VariantName = "[No Variations]"
Add component (AddParameter): Name = "Supplier Part Number 1"; Value = "1713885"; VariantName = "[No Variations]"
Added Component: Designator=VD4(SOD-882)
Add component (AddParameter): Name = "ComponentKind"; Value = "SOD-882"; VariantName = "[No Variations]"
Add component (AddParameter): Name = "HelpURL"; Value = "https://www.digikey.com/en/products/detail/littelfuse-inc/SP3031-01ETG/3598390"; VariantName = "[No Variations]"
Add component (AddParameter): Name = "Manufacturer"; Value = "Littelfuse Inc."; VariantName = "[No Variations]"
Add component (AddParameter): Name = "Model"; Value = "SP3031-01ETG"; VariantName = "[No Variations]"
Add component (AddParameter): Name = "Supplier 1"; Value = "RSComponents"; VariantName = "[No Variations]"
Add component (AddParameter): Name = "Supplier Part Number 1"; Value = "1713885"; VariantName = "[No Variations]"
Added Pin To Net: NetName=DOUT Pin=VD1-1
Added Pin To Net: NetName=VCC_5V Pin=VD1-2
Added Pin To Net: NetName=SCK Pin=VD2-1
Added Pin To Net: NetName=VCC_5V Pin=VD2-2
Added Pin To Net: NetName=GND Pin=VD3-1
Added Pin To Net: NetName=DOUT Pin=VD3-2
Added Pin To Net: NetName=GND Pin=VD4-1
Added Pin To Net: NetName=SCK Pin=VD4-2
Added Member To Class: ClassName=Схема модуля АЦП Member=Component VD1 SP3031-01ETG
Added Member To Class: ClassName=Схема модуля АЦП Member=Component VD2 SP3031-01ETG
Added Member To Class: ClassName=Схема модуля АЦП Member=Component VD3 SP3031-01ETG
Added Member To Class: ClassName=Схема модуля АЦП Member=Component VD4 SP3031-01ETG
