Added Component: Designator=DA1(16-SOP)
Add component (AddParameter): Name = "ComponentKind"; Value = "SMD"; VariantName = "[No Variations]"
Add component (AddParameter): Name = "HelpURL"; Value = ""; VariantName = "[No Variations]"
Add component (AddParameter): Name = "Manufacturer"; Value = "Avia Semiconductors"; VariantName = "[No Variations]"
Add component (AddParameter): Name = "Model"; Value = "HX711"; VariantName = "[No Variations]"
Added Pin To Net: NetName=VCC_5V Pin=DA1-1
Added Pin To Net: NetName=NetDA1_2 Pin=DA1-2
Added Pin To Net: NetName=AVDD Pin=DA1-3
Added Pin To Net: NetName=NetDA1_4 Pin=DA1-4
Added Pin To Net: NetName=GND Pin=DA1-5
Added Pin To Net: NetName=NetC8_1 Pin=DA1-6
Added Pin To Net: NetName=S1- Pin=DA1-7
Added Pin To Net: NetName=S1+ Pin=DA1-8
Added Pin To Net: NetName=S2- Pin=DA1-9
Added Pin To Net: NetName=S2+ Pin=DA1-10
Added Pin To Net: NetName=SCK Pin=DA1-11
Added Pin To Net: NetName=DOUT Pin=DA1-12
Added Pin To Net: NetName=GND Pin=DA1-14
Added Pin To Net: NetName=GND Pin=DA1-15
Added Pin To Net: NetName=VCC_5V Pin=DA1-16
Added Member To Class: ClassName=Схема модуля АЦП Member=Component DA1 HX711
